#! /usr/remote/bin/vvp
:ivl_version "10.1 (stable)";
:ivl_delay_selection "TYPICAL";
:vpi_time_precision + 0;
:vpi_module "system";
:vpi_module "vhdl_sys";
:vpi_module "v2005_math";
:vpi_module "va_math";
S_0x287f700 .scope module, "test" "test" 2 12;
 .timescale 0 0;
v0x288ea60_0 .net "clock", 0 0, v0x287e670_0;  1 drivers
S_0x287f880 .scope module, "c" "clock_gen" 2 15, 2 1 0, S_0x287f700;
 .timescale 0 0;
    .port_info 0 /OUTPUT 1 "clock"
v0x287e670_0 .var "clock", 0 0;
    .scope S_0x287f880;
T_0 ;
    %pushi/vec4 0, 0, 1;
    %store/vec4 v0x287e670_0, 0, 1;
    %end;
    .thread T_0;
    .scope S_0x287f880;
T_1 ;
    %delay 100, 0;
    %load/vec4 v0x287e670_0;
    %inv;
    %store/vec4 v0x287e670_0, 0, 1;
    %vpi_call 2 7 "$display", $time, "tick" {0 0 0};
    %jmp T_1;
    .thread T_1;
    .scope S_0x287f700;
T_2 ;
    %vpi_call 2 19 "$monitor", $time, " in %m, clock is: %d", v0x288ea60_0 {0 0 0};
    %delay 1000, 0;
    %vpi_call 2 20 "$finish" {0 0 0};
    %end;
    .thread T_2;
# The file index is used to find the file name in the following table.
:file_names 3;
    "N/A";
    "<interactive>";
    "clock_gen.v";
